<?xml version="1.0" encoding="UTF-8"?>
<!-- Generated by org.testng.reporters.JUnitXMLReporter -->
<testsuite ignored="0" hostname="LAPTOP-K6D5BFPK" failures="0" tests="9" name="Default test" time="250.343" errors="0" timestamp="2021-08-31T13:04:20 IST">
  <testcase classname="tests.TestCase" name="Checkout" time="18.377"/>
  <testcase classname="tests.TestCase" name="Cartstatus" time="26.715"/>
  <testcase classname="tests.TestCase" name="InvalidLogin" time="25.004"/>
  <testcase classname="tests.TestCase" name="problemUser" time="32.105"/>
  <testcase classname="tests.TestCase" name="filterActions" time="27.484"/>
  <testcase classname="tests.TestCase" name="autoFillLogin" time="26.466"/>
  <testcase classname="tests.TestCase" name="MenuActions" time="32.194"/>
  <testcase classname="tests.TestCase" name="MenuActions2" time="27.804"/>
  <testcase classname="tests.TestCase" name="RemoveFromCart" time="20.909"/>
</testsuite> <!-- Default test -->
