<?xml version="1.0" encoding="UTF-8"?>
<!-- Generated by org.testng.reporters.JUnitXMLReporter -->
<testsuite ignored="0" hostname="LAPTOP-K6D5BFPK" failures="0" tests="9" name="Default test" time="240.816" errors="0" timestamp="2021-08-31T09:23:02 IST">
  <testcase classname="tests.TestCase" name="Checkout" time="17.606"/>
  <testcase classname="tests.TestCase" name="Cartstatus" time="26.479"/>
  <testcase classname="tests.TestCase" name="InvalidLogin" time="24.831"/>
  <testcase classname="tests.TestCase" name="problemUser" time="28.536"/>
  <testcase classname="tests.TestCase" name="filterActions" time="25.692"/>
  <testcase classname="tests.TestCase" name="autoFillLogin" time="26.421"/>
  <testcase classname="tests.TestCase" name="MenuActions" time="31.444"/>
  <testcase classname="tests.TestCase" name="MenuActions2" time="25.321"/>
  <testcase classname="tests.TestCase" name="RemoveFromCart" time="20.371"/>
</testsuite> <!-- Default test -->
