<?xml version="1.0" encoding="UTF-8"?>
<testng-results ignored="0" total="9" passed="9" failed="0" skipped="0">
  <reporter-output>
  </reporter-output>
  <suite started-at="2021-08-31T09:19:01 IST" name="Default suite" finished-at="2021-08-31T09:23:02 IST" duration-ms="240816">
    <groups>
    </groups>
    <test started-at="2021-08-31T09:19:01 IST" name="Default test" finished-at="2021-08-31T09:23:02 IST" duration-ms="240816">
      <class name="tests.TestCase">
        <test-method is-config="true" signature="applaunch()[pri:0, instance:tests.TestCase@5745ca0e]" started-at="2021-08-31T09:19:01 IST" name="applaunch" finished-at="2021-08-31T09:19:12 IST" duration-ms="11363" status="PASS">
          <reporter-output>
          </reporter-output>
        </test-method> <!-- applaunch -->
        <test-method signature="Checkout()[pri:1, instance:tests.TestCase@5745ca0e]" started-at="2021-08-31T09:19:12 IST" name="Checkout" finished-at="2021-08-31T09:19:30 IST" duration-ms="17606" status="PASS">
          <reporter-output>
          </reporter-output>
        </test-method> <!-- Checkout -->
        <test-method signature="Cartstatus()[pri:2, instance:tests.TestCase@5745ca0e]" started-at="2021-08-31T09:19:30 IST" name="Cartstatus" finished-at="2021-08-31T09:19:56 IST" duration-ms="26479" status="PASS">
          <reporter-output>
          </reporter-output>
        </test-method> <!-- Cartstatus -->
        <test-method signature="InvalidLogin()[pri:3, instance:tests.TestCase@5745ca0e]" started-at="2021-08-31T09:19:56 IST" name="InvalidLogin" finished-at="2021-08-31T09:20:21 IST" duration-ms="24831" status="PASS">
          <reporter-output>
          </reporter-output>
        </test-method> <!-- InvalidLogin -->
        <test-method signature="problemUser()[pri:4, instance:tests.TestCase@5745ca0e]" started-at="2021-08-31T09:20:21 IST" name="problemUser" finished-at="2021-08-31T09:20:50 IST" duration-ms="28536" status="PASS">
          <reporter-output>
          </reporter-output>
        </test-method> <!-- problemUser -->
        <test-method signature="filterActions()[pri:5, instance:tests.TestCase@5745ca0e]" started-at="2021-08-31T09:20:50 IST" name="filterActions" finished-at="2021-08-31T09:21:15 IST" duration-ms="25692" status="PASS">
          <reporter-output>
          </reporter-output>
        </test-method> <!-- filterActions -->
        <test-method signature="autoFillLogin()[pri:6, instance:tests.TestCase@5745ca0e]" started-at="2021-08-31T09:21:15 IST" name="autoFillLogin" finished-at="2021-08-31T09:21:42 IST" duration-ms="26421" status="PASS">
          <reporter-output>
          </reporter-output>
        </test-method> <!-- autoFillLogin -->
        <test-method signature="MenuActions()[pri:7, instance:tests.TestCase@5745ca0e]" started-at="2021-08-31T09:21:42 IST" name="MenuActions" finished-at="2021-08-31T09:22:13 IST" duration-ms="31444" status="PASS">
          <reporter-output>
          </reporter-output>
        </test-method> <!-- MenuActions -->
        <test-method signature="MenuActions2()[pri:8, instance:tests.TestCase@5745ca0e]" started-at="2021-08-31T09:22:13 IST" name="MenuActions2" finished-at="2021-08-31T09:22:38 IST" duration-ms="25321" status="PASS">
          <reporter-output>
          </reporter-output>
        </test-method> <!-- MenuActions2 -->
        <test-method signature="RemoveFromCart()[pri:9, instance:tests.TestCase@5745ca0e]" started-at="2021-08-31T09:22:38 IST" name="RemoveFromCart" finished-at="2021-08-31T09:22:59 IST" duration-ms="20371" status="PASS">
          <reporter-output>
          </reporter-output>
        </test-method> <!-- RemoveFromCart -->
        <test-method is-config="true" signature="quit()[pri:0, instance:tests.TestCase@5745ca0e]" started-at="2021-08-31T09:22:59 IST" name="quit" finished-at="2021-08-31T09:23:02 IST" duration-ms="2665" status="PASS">
          <reporter-output>
          </reporter-output>
        </test-method> <!-- quit -->
      </class> <!-- tests.TestCase -->
    </test> <!-- Default test -->
  </suite> <!-- Default suite -->
</testng-results>
