<?xml version="1.0" encoding="UTF-8"?>
<testng-results ignored="0" total="9" passed="9" failed="0" skipped="0">
  <reporter-output>
  </reporter-output>
  <suite started-at="2021-08-31T13:00:09 IST" name="Default suite" finished-at="2021-08-31T13:04:20 IST" duration-ms="250343">
    <groups>
    </groups>
    <test started-at="2021-08-31T13:00:09 IST" name="Default test" finished-at="2021-08-31T13:04:20 IST" duration-ms="250343">
      <class name="tests.TestCase">
        <test-method is-config="true" signature="applaunch()[pri:0, instance:tests.TestCase@5745ca0e]" started-at="2021-08-31T13:00:09 IST" name="applaunch" finished-at="2021-08-31T13:00:20 IST" duration-ms="10537" status="PASS">
          <reporter-output>
          </reporter-output>
        </test-method> <!-- applaunch -->
        <test-method signature="Checkout()[pri:1, instance:tests.TestCase@5745ca0e]" started-at="2021-08-31T13:00:20 IST" name="Checkout" finished-at="2021-08-31T13:00:38 IST" duration-ms="18377" status="PASS">
          <reporter-output>
          </reporter-output>
        </test-method> <!-- Checkout -->
        <test-method signature="Cartstatus()[pri:2, instance:tests.TestCase@5745ca0e]" started-at="2021-08-31T13:00:38 IST" name="Cartstatus" finished-at="2021-08-31T13:01:05 IST" duration-ms="26715" status="PASS">
          <reporter-output>
          </reporter-output>
        </test-method> <!-- Cartstatus -->
        <test-method signature="InvalidLogin()[pri:3, instance:tests.TestCase@5745ca0e]" started-at="2021-08-31T13:01:05 IST" name="InvalidLogin" finished-at="2021-08-31T13:01:30 IST" duration-ms="25004" status="PASS">
          <reporter-output>
          </reporter-output>
        </test-method> <!-- InvalidLogin -->
        <test-method signature="problemUser()[pri:4, instance:tests.TestCase@5745ca0e]" started-at="2021-08-31T13:01:30 IST" name="problemUser" finished-at="2021-08-31T13:02:02 IST" duration-ms="32105" status="PASS">
          <reporter-output>
          </reporter-output>
        </test-method> <!-- problemUser -->
        <test-method signature="filterActions()[pri:5, instance:tests.TestCase@5745ca0e]" started-at="2021-08-31T13:02:02 IST" name="filterActions" finished-at="2021-08-31T13:02:30 IST" duration-ms="27484" status="PASS">
          <reporter-output>
          </reporter-output>
        </test-method> <!-- filterActions -->
        <test-method signature="autoFillLogin()[pri:6, instance:tests.TestCase@5745ca0e]" started-at="2021-08-31T13:02:30 IST" name="autoFillLogin" finished-at="2021-08-31T13:02:56 IST" duration-ms="26466" status="PASS">
          <reporter-output>
          </reporter-output>
        </test-method> <!-- autoFillLogin -->
        <test-method signature="MenuActions()[pri:7, instance:tests.TestCase@5745ca0e]" started-at="2021-08-31T13:02:56 IST" name="MenuActions" finished-at="2021-08-31T13:03:28 IST" duration-ms="32194" status="PASS">
          <reporter-output>
          </reporter-output>
        </test-method> <!-- MenuActions -->
        <test-method signature="MenuActions2()[pri:8, instance:tests.TestCase@5745ca0e]" started-at="2021-08-31T13:03:28 IST" name="MenuActions2" finished-at="2021-08-31T13:03:56 IST" duration-ms="27804" status="PASS">
          <reporter-output>
          </reporter-output>
        </test-method> <!-- MenuActions2 -->
        <test-method signature="RemoveFromCart()[pri:9, instance:tests.TestCase@5745ca0e]" started-at="2021-08-31T13:03:56 IST" name="RemoveFromCart" finished-at="2021-08-31T13:04:17 IST" duration-ms="20909" status="PASS">
          <reporter-output>
          </reporter-output>
        </test-method> <!-- RemoveFromCart -->
        <test-method is-config="true" signature="quit()[pri:0, instance:tests.TestCase@5745ca0e]" started-at="2021-08-31T13:04:17 IST" name="quit" finished-at="2021-08-31T13:04:20 IST" duration-ms="2687" status="PASS">
          <reporter-output>
          </reporter-output>
        </test-method> <!-- quit -->
      </class> <!-- tests.TestCase -->
    </test> <!-- Default test -->
  </suite> <!-- Default suite -->
</testng-results>
